<?xml version="1.0" encoding="UTF-8"?>
<!-- Generated by org.testng.reporters.JUnitXMLReporter -->
<testsuite hostname="Sameer-Laptop" ignored="0" name="Default test" tests="5" failures="0" timestamp="2021-04-13T14:38:00 IST" time="74.894" errors="0">
  <testcase name="validateSignInPageUrlTest" time="0.037" classname="com.streams.testcases.SignInPageTest"/>
  <testcase name="logintest" time="17.167" classname="com.streams.testcases.SignInPageTest"/>
  <testcase name="logintest" time="0.963" classname="com.streams.testcases.SignInPageTest"/>
  <testcase name="logintest" time="2.324" classname="com.streams.testcases.SignInPageTest"/>
  <testcase name="logintest" time="2.377" classname="com.streams.testcases.SignInPageTest"/>
</testsuite> <!-- Default test -->
