<?xml version="1.0" encoding="UTF-8"?>
<testng-results skipped="0" failed="0" ignored="0" total="2" passed="2">
  <reporter-output>
  </reporter-output>
  <suite name="Default suite" duration-ms="24989" started-at="2021-04-09T17:52:47 IST" finished-at="2021-04-09T17:53:12 IST">
    <groups>
    </groups>
    <test name="Default test" duration-ms="24989" started-at="2021-04-09T17:52:47 IST" finished-at="2021-04-09T17:53:12 IST">
      <class name="com.streams.testcases.SignInPageTest">
        <test-method status="PASS" signature="setUp()[pri:0, instance:com.streams.testcases.SignInPageTest@757942a1]" name="setUp" is-config="true" duration-ms="10135" started-at="2021-04-09T17:52:47 IST" finished-at="2021-04-09T17:52:57 IST">
          <reporter-output>
          </reporter-output>
        </test-method> <!-- setUp -->
        <test-method status="PASS" signature="validateSignInPageUrlTest()[pri:0, instance:com.streams.testcases.SignInPageTest@757942a1]" name="validateSignInPageUrlTest" duration-ms="44" started-at="2021-04-09T17:52:57 IST" finished-at="2021-04-09T17:52:57 IST">
          <reporter-output>
          </reporter-output>
        </test-method> <!-- validateSignInPageUrlTest -->
        <test-method status="PASS" signature="tearDown()[pri:0, instance:com.streams.testcases.SignInPageTest@757942a1]" name="tearDown" is-config="true" duration-ms="1636" started-at="2021-04-09T17:52:57 IST" finished-at="2021-04-09T17:52:59 IST">
          <reporter-output>
          </reporter-output>
        </test-method> <!-- tearDown -->
        <test-method status="PASS" signature="setUp()[pri:0, instance:com.streams.testcases.SignInPageTest@757942a1]" name="setUp" is-config="true" duration-ms="8361" started-at="2021-04-09T17:52:59 IST" finished-at="2021-04-09T17:53:07 IST">
          <reporter-output>
          </reporter-output>
        </test-method> <!-- setUp -->
        <test-method status="PASS" signature="logintest()[pri:1, instance:com.streams.testcases.SignInPageTest@757942a1]" name="logintest" duration-ms="2902" started-at="2021-04-09T17:53:07 IST" finished-at="2021-04-09T17:53:10 IST">
          <reporter-output>
          </reporter-output>
        </test-method> <!-- logintest -->
        <test-method status="PASS" signature="tearDown()[pri:0, instance:com.streams.testcases.SignInPageTest@757942a1]" name="tearDown" is-config="true" duration-ms="1759" started-at="2021-04-09T17:53:10 IST" finished-at="2021-04-09T17:53:12 IST">
          <reporter-output>
          </reporter-output>
        </test-method> <!-- tearDown -->
      </class> <!-- com.streams.testcases.SignInPageTest -->
    </test> <!-- Default test -->
  </suite> <!-- Default suite -->
</testng-results>
